<?xml version="1.0" encoding="UTF-8"?>
<testng-results ignored="0" total="1" passed="1" failed="0" skipped="0">
  <reporter-output>
  </reporter-output>
  <suite started-at="2024-02-04T18:25:47 IST" name="eBanking Test Suite" finished-at="2024-02-04T18:26:02 IST" duration-ms="14872">
    <groups>
    </groups>
    <test started-at="2024-02-04T18:25:47 IST" name="G:/Java WorkSpace/UIAutomationFrameWork" finished-at="2024-02-04T18:26:02 IST" duration-ms="14872">
      <class name="com.inetBanking.testCases.TC_LoginTest_001">
        <test-method is-config="true" signature="setup(java.lang.String)[pri:0, instance:com.inetBanking.testCases.TC_LoginTest_001@5b7a5baa]" started-at="2024-02-04T18:25:48 IST" name="setup" finished-at="2024-02-04T18:25:59 IST" duration-ms="11836" status="PASS">
          <params>
            <param index="0">
              <value>
                <![CDATA[chrome]]>
              </value>
            </param>
          </params>
          <reporter-output>
          </reporter-output>
        </test-method> <!-- setup -->
        <test-method signature="loginTest()[pri:0, instance:com.inetBanking.testCases.TC_LoginTest_001@5b7a5baa]" started-at="2024-02-04T18:25:59 IST" name="loginTest" finished-at="2024-02-04T18:26:01 IST" duration-ms="1655" status="PASS">
          <reporter-output>
          </reporter-output>
        </test-method> <!-- loginTest -->
        <test-method is-config="true" signature="tearDown()[pri:0, instance:com.inetBanking.testCases.TC_LoginTest_001@5b7a5baa]" started-at="2024-02-04T18:26:01 IST" name="tearDown" finished-at="2024-02-04T18:26:02 IST" duration-ms="774" status="PASS">
          <reporter-output>
          </reporter-output>
        </test-method> <!-- tearDown -->
      </class> <!-- com.inetBanking.testCases.TC_LoginTest_001 -->
    </test> <!-- G:/Java WorkSpace/UIAutomationFrameWork -->
  </suite> <!-- eBanking Test Suite -->
</testng-results>
